CRITICAL - 2023-11-24 01:24:25 --> Invalid file: "planta/menu.php"
in SYSTEMPATH\Exceptions\FrameworkException.php on line 39.
 1 SYSTEMPATH\View\View.php(214): CodeIgniter\Exceptions\FrameworkException::forInvalidFile('planta/menu.php')
 2 SYSTEMPATH\Common.php(1188): CodeIgniter\View\View->render('planta/menu', [], true)
 3 APPPATH\Controllers\Home.php(9): view('planta/menu')
 4 SYSTEMPATH\CodeIgniter.php(919): App\Controllers\Home->index()
 5 SYSTEMPATH\CodeIgniter.php(494): CodeIgniter\CodeIgniter->runController(Object(App\Controllers\Home))
 6 SYSTEMPATH\CodeIgniter.php(353): CodeIgniter\CodeIgniter->handleRequest(null, Object(Config\Cache), false)
 7 FCPATH\index.php(79): CodeIgniter\CodeIgniter->run()
 8 SYSTEMPATH\Commands\Server\rewrite.php(47): require_once('C:\\Users\\Usuario\\Documents\\5to Semestre\\Desarrollo de aplicaciones web\\ProyectoPlanta\\public\\index.php')
CRITICAL - 2023-11-24 01:25:26 --> Undefined variable $planta_hierbas
in APPPATH\Views\hierba\buscar.php on line 31.
 1 APPPATH\Views\hierba\buscar.php(31): CodeIgniter\Debug\Exceptions->errorHandler(2, 'Undefined variable $planta_hierbas', 'C:\\Users\\Usuario\\Documents\\5to Semestre\\Desarrollo de aplicaciones web\\ProyectoPlanta\\app\\Views\\hierba\\buscar.php', 31)
 2 SYSTEMPATH\View\View.php(226): include('C:\\Users\\Usuario\\Documents\\5to Semestre\\Desarrollo de aplicaciones web\\ProyectoPlanta\\app\\Views\\hierba\\buscar.php')
 3 SYSTEMPATH\View\View.php(229): CodeIgniter\View\View->CodeIgniter\View\{closure}()
 4 SYSTEMPATH\Common.php(1188): CodeIgniter\View\View->render('hierba/buscar', [], true)
 5 APPPATH\Controllers\Hierba.php(80): view('hierba/buscar', [...])
 6 SYSTEMPATH\CodeIgniter.php(919): App\Controllers\Hierba->buscar()
 7 SYSTEMPATH\CodeIgniter.php(494): CodeIgniter\CodeIgniter->runController(Object(App\Controllers\Hierba))
 8 SYSTEMPATH\CodeIgniter.php(353): CodeIgniter\CodeIgniter->handleRequest(null, Object(Config\Cache), false)
 9 FCPATH\index.php(79): CodeIgniter\CodeIgniter->run()
10 SYSTEMPATH\Commands\Server\rewrite.php(47): require_once('C:\\Users\\Usuario\\Documents\\5to Semestre\\Desarrollo de aplicaciones web\\ProyectoPlanta\\public\\index.php')
CRITICAL - 2023-11-24 01:26:20 --> Undefined variable $planta_hierbas
in APPPATH\Views\hierba\buscar.php on line 31.
 1 APPPATH\Views\hierba\buscar.php(31): CodeIgniter\Debug\Exceptions->errorHandler(2, 'Undefined variable $planta_hierbas', 'C:\\Users\\Usuario\\Documents\\5to Semestre\\Desarrollo de aplicaciones web\\ProyectoPlanta\\app\\Views\\hierba\\buscar.php', 31)
 2 SYSTEMPATH\View\View.php(226): include('C:\\Users\\Usuario\\Documents\\5to Semestre\\Desarrollo de aplicaciones web\\ProyectoPlanta\\app\\Views\\hierba\\buscar.php')
 3 SYSTEMPATH\View\View.php(229): CodeIgniter\View\View->CodeIgniter\View\{closure}()
 4 SYSTEMPATH\Common.php(1188): CodeIgniter\View\View->render('hierba/buscar', [], true)
 5 APPPATH\Controllers\Hierba.php(80): view('hierba/buscar', [...])
 6 SYSTEMPATH\CodeIgniter.php(919): App\Controllers\Hierba->buscar()
 7 SYSTEMPATH\CodeIgniter.php(494): CodeIgniter\CodeIgniter->runController(Object(App\Controllers\Hierba))
 8 SYSTEMPATH\CodeIgniter.php(353): CodeIgniter\CodeIgniter->handleRequest(null, Object(Config\Cache), false)
 9 FCPATH\index.php(79): CodeIgniter\CodeIgniter->run()
10 SYSTEMPATH\Commands\Server\rewrite.php(47): require_once('C:\\Users\\Usuario\\Documents\\5to Semestre\\Desarrollo de aplicaciones web\\ProyectoPlanta\\public\\index.php')
CRITICAL - 2023-11-24 01:53:54 --> Undefined property: stdClass::$id_hierba
in APPPATH\Views\arbusto\mostrar.php on line 53.
 1 APPPATH\Views\arbusto\mostrar.php(53): CodeIgniter\Debug\Exceptions->errorHandler(2, 'Undefined property: stdClass::$id_hierba', 'C:\\Users\\Usuario\\Documents\\5to Semestre\\Desarrollo de aplicaciones web\\ProyectoPlanta\\app\\Views\\arbusto\\mostrar.php', 53)
 2 SYSTEMPATH\View\View.php(226): include('C:\\Users\\Usuario\\Documents\\5to Semestre\\Desarrollo de aplicaciones web\\ProyectoPlanta\\app\\Views\\arbusto\\mostrar.php')
 3 SYSTEMPATH\View\View.php(229): CodeIgniter\View\View->CodeIgniter\View\{closure}()
 4 SYSTEMPATH\Common.php(1188): CodeIgniter\View\View->render('arbusto/mostrar', [], true)
 5 APPPATH\Controllers\Arbusto.php(20): view('arbusto/mostrar', [...])
 6 SYSTEMPATH\CodeIgniter.php(919): App\Controllers\Arbusto->mostrar()
 7 SYSTEMPATH\CodeIgniter.php(494): CodeIgniter\CodeIgniter->runController(Object(App\Controllers\Arbusto))
 8 SYSTEMPATH\CodeIgniter.php(353): CodeIgniter\CodeIgniter->handleRequest(null, Object(Config\Cache), false)
 9 FCPATH\index.php(79): CodeIgniter\CodeIgniter->run()
10 SYSTEMPATH\Commands\Server\rewrite.php(47): require_once('C:\\Users\\Usuario\\Documents\\5to Semestre\\Desarrollo de aplicaciones web\\ProyectoPlanta\\public\\index.php')
CRITICAL - 2023-11-24 01:55:12 --> Undefined variable $planta_arbustos
in APPPATH\Views\arbusto\buscar.php on line 31.
 1 APPPATH\Views\arbusto\buscar.php(31): CodeIgniter\Debug\Exceptions->errorHandler(2, 'Undefined variable $planta_arbustos', 'C:\\Users\\Usuario\\Documents\\5to Semestre\\Desarrollo de aplicaciones web\\ProyectoPlanta\\app\\Views\\arbusto\\buscar.php', 31)
 2 SYSTEMPATH\View\View.php(226): include('C:\\Users\\Usuario\\Documents\\5to Semestre\\Desarrollo de aplicaciones web\\ProyectoPlanta\\app\\Views\\arbusto\\buscar.php')
 3 SYSTEMPATH\View\View.php(229): CodeIgniter\View\View->CodeIgniter\View\{closure}()
 4 SYSTEMPATH\Common.php(1188): CodeIgniter\View\View->render('arbusto/buscar', [], true)
 5 APPPATH\Controllers\Arbusto.php(80): view('arbusto/buscar', [...])
 6 SYSTEMPATH\CodeIgniter.php(919): App\Controllers\Arbusto->buscar()
 7 SYSTEMPATH\CodeIgniter.php(494): CodeIgniter\CodeIgniter->runController(Object(App\Controllers\Arbusto))
 8 SYSTEMPATH\CodeIgniter.php(353): CodeIgniter\CodeIgniter->handleRequest(null, Object(Config\Cache), false)
 9 FCPATH\index.php(79): CodeIgniter\CodeIgniter->run()
10 SYSTEMPATH\Commands\Server\rewrite.php(47): require_once('C:\\Users\\Usuario\\Documents\\5to Semestre\\Desarrollo de aplicaciones web\\ProyectoPlanta\\public\\index.php')
