CRITICAL - 2023-11-16 01:49:20 --> Invalid file: "planta/menu.php"
in SYSTEMPATH\Exceptions\FrameworkException.php on line 39.
 1 SYSTEMPATH\View\View.php(214): CodeIgniter\Exceptions\FrameworkException::forInvalidFile('planta/menu.php')
 2 SYSTEMPATH\Common.php(1188): CodeIgniter\View\View->render('planta/menu', [], true)
 3 APPPATH\Controllers\Home.php(9): view('planta/menu')
 4 SYSTEMPATH\CodeIgniter.php(919): App\Controllers\Home->index()
 5 SYSTEMPATH\CodeIgniter.php(494): CodeIgniter\CodeIgniter->runController(Object(App\Controllers\Home))
 6 SYSTEMPATH\CodeIgniter.php(353): CodeIgniter\CodeIgniter->handleRequest(null, Object(Config\Cache), false)
 7 FCPATH\index.php(79): CodeIgniter\CodeIgniter->run()
 8 SYSTEMPATH\Commands\Server\rewrite.php(47): require_once('C:\\Users\\Usuario\\Documents\\5to Semestre\\Desarrollo de aplicaciones web\\ProyectoPlanta\\public\\index.php')
ERROR - 2023-11-16 01:49:47 --> Error connecting to the database: mysqli_sql_exception: No se puede establecer una conexión ya que el equipo de destino denegó expresamente dicha conexión in C:\Users\Usuario\Documents\5to Semestre\Desarrollo de aplicaciones web\ProyectoPlanta\system\Database\MySQLi\Connection.php:185
Stack trace:
#0 C:\Users\Usuario\Documents\5to Semestre\Desarrollo de aplicaciones web\ProyectoPlanta\system\Database\MySQLi\Connection.php(185): mysqli->real_connect('localhost', 'root', '', 'plant', 3307, '', 0)
#1 C:\Users\Usuario\Documents\5to Semestre\Desarrollo de aplicaciones web\ProyectoPlanta\system\Database\BaseConnection.php(391): CodeIgniter\Database\MySQLi\Connection->connect(false)
#2 C:\Users\Usuario\Documents\5to Semestre\Desarrollo de aplicaciones web\ProyectoPlanta\system\Database\BaseConnection.php(574): CodeIgniter\Database\BaseConnection->initialize()
#3 C:\Users\Usuario\Documents\5to Semestre\Desarrollo de aplicaciones web\ProyectoPlanta\system\Database\BaseBuilder.php(1615): CodeIgniter\Database\BaseConnection->query('SELECT *\nFROM `...', Array, false)
#4 C:\Users\Usuario\Documents\5to Semestre\Desarrollo de aplicaciones web\ProyectoPlanta\system\Model.php(237): CodeIgniter\Database\BaseBuilder->get()
#5 C:\Users\Usuario\Documents\5to Semestre\Desarrollo de aplicaciones web\ProyectoPlanta\system\BaseModel.php(624): CodeIgniter\Model->doFindAll(0, 0)
#6 C:\Users\Usuario\Documents\5to Semestre\Desarrollo de aplicaciones web\ProyectoPlanta\app\Controllers\Planta.php(16): CodeIgniter\BaseModel->findAll()
#7 C:\Users\Usuario\Documents\5to Semestre\Desarrollo de aplicaciones web\ProyectoPlanta\system\CodeIgniter.php(919): App\Controllers\Planta->mostrar()
#8 C:\Users\Usuario\Documents\5to Semestre\Desarrollo de aplicaciones web\ProyectoPlanta\system\CodeIgniter.php(494): CodeIgniter\CodeIgniter->runController(Object(App\Controllers\Planta))
#9 C:\Users\Usuario\Documents\5to Semestre\Desarrollo de aplicaciones web\ProyectoPlanta\system\CodeIgniter.php(353): CodeIgniter\CodeIgniter->handleRequest(NULL, Object(Config\Cache), false)
#10 C:\Users\Usuario\Documents\5to Semestre\Desarrollo de aplicaciones web\ProyectoPlanta\public\index.php(79): CodeIgniter\CodeIgniter->run()
#11 C:\Users\Usuario\Documents\5to Semestre\Desarrollo de aplicaciones web\ProyectoPlanta\system\Commands\Server\rewrite.php(47): require_once('C:\\Users\\Usuari...')
#12 {main}

Next CodeIgniter\Database\Exceptions\DatabaseException: No se puede establecer una conexión ya que el equipo de destino denegó expresamente dicha conexión in C:\Users\Usuario\Documents\5to Semestre\Desarrollo de aplicaciones web\ProyectoPlanta\system\Database\MySQLi\Connection.php:229
Stack trace:
#0 C:\Users\Usuario\Documents\5to Semestre\Desarrollo de aplicaciones web\ProyectoPlanta\system\Database\BaseConnection.php(391): CodeIgniter\Database\MySQLi\Connection->connect(false)
#1 C:\Users\Usuario\Documents\5to Semestre\Desarrollo de aplicaciones web\ProyectoPlanta\system\Database\BaseConnection.php(574): CodeIgniter\Database\BaseConnection->initialize()
#2 C:\Users\Usuario\Documents\5to Semestre\Desarrollo de aplicaciones web\ProyectoPlanta\system\Database\BaseBuilder.php(1615): CodeIgniter\Database\BaseConnection->query('SELECT *\nFROM `...', Array, false)
#3 C:\Users\Usuario\Documents\5to Semestre\Desarrollo de aplicaciones web\ProyectoPlanta\system\Model.php(237): CodeIgniter\Database\BaseBuilder->get()
#4 C:\Users\Usuario\Documents\5to Semestre\Desarrollo de aplicaciones web\ProyectoPlanta\system\BaseModel.php(624): CodeIgniter\Model->doFindAll(0, 0)
#5 C:\Users\Usuario\Documents\5to Semestre\Desarrollo de aplicaciones web\ProyectoPlanta\app\Controllers\Planta.php(16): CodeIgniter\BaseModel->findAll()
#6 C:\Users\Usuario\Documents\5to Semestre\Desarrollo de aplicaciones web\ProyectoPlanta\system\CodeIgniter.php(919): App\Controllers\Planta->mostrar()
#7 C:\Users\Usuario\Documents\5to Semestre\Desarrollo de aplicaciones web\ProyectoPlanta\system\CodeIgniter.php(494): CodeIgniter\CodeIgniter->runController(Object(App\Controllers\Planta))
#8 C:\Users\Usuario\Documents\5to Semestre\Desarrollo de aplicaciones web\ProyectoPlanta\system\CodeIgniter.php(353): CodeIgniter\CodeIgniter->handleRequest(NULL, Object(Config\Cache), false)
#9 C:\Users\Usuario\Documents\5to Semestre\Desarrollo de aplicaciones web\ProyectoPlanta\public\index.php(79): CodeIgniter\CodeIgniter->run()
#10 C:\Users\Usuario\Documents\5to Semestre\Desarrollo de aplicaciones web\ProyectoPlanta\system\Commands\Server\rewrite.php(47): require_once('C:\\Users\\Usuari...')
#11 {main}
CRITICAL - 2023-11-16 01:49:47 --> Unable to connect to the database.
Main connection [MySQLi]: No se puede establecer una conexión ya que el equipo de destino denegó expresamente dicha conexión
in SYSTEMPATH\Database\BaseConnection.php on line 427.
 1 SYSTEMPATH\Database\BaseConnection.php(574): CodeIgniter\Database\BaseConnection->initialize()
 2 SYSTEMPATH\Database\BaseBuilder.php(1615): CodeIgniter\Database\BaseConnection->query('SELECT *
FROM `planta`', [], false)
 3 SYSTEMPATH\Model.php(237): CodeIgniter\Database\BaseBuilder->get()
 4 SYSTEMPATH\BaseModel.php(624): CodeIgniter\Model->doFindAll(0, 0)
 5 APPPATH\Controllers\Planta.php(16): CodeIgniter\BaseModel->findAll()
 6 SYSTEMPATH\CodeIgniter.php(919): App\Controllers\Planta->mostrar()
 7 SYSTEMPATH\CodeIgniter.php(494): CodeIgniter\CodeIgniter->runController(Object(App\Controllers\Planta))
 8 SYSTEMPATH\CodeIgniter.php(353): CodeIgniter\CodeIgniter->handleRequest(null, Object(Config\Cache), false)
 9 FCPATH\index.php(79): CodeIgniter\CodeIgniter->run()
10 SYSTEMPATH\Commands\Server\rewrite.php(47): require_once('C:\\Users\\Usuario\\Documents\\5to Semestre\\Desarrollo de aplicaciones web\\ProyectoPlanta\\public\\index.php')
CRITICAL - 2023-11-16 02:32:39 --> The route for "common/menud" cannot be found.
in SYSTEMPATH\HTTP\RedirectResponse.php on line 60.
 1 SYSTEMPATH\HTTP\RedirectResponse.php(60): CodeIgniter\HTTP\Exceptions\HTTPException::forInvalidRedirectRoute('common/menud')
 2 SYSTEMPATH\Common.php(878): CodeIgniter\HTTP\RedirectResponse->route(false)
 3 APPPATH\Controllers\UserController.php(54): redirect('common/menud', 'refresh')
 4 SYSTEMPATH\CodeIgniter.php(919): App\Controllers\UserController->index()
 5 SYSTEMPATH\CodeIgniter.php(494): CodeIgniter\CodeIgniter->runController(Object(App\Controllers\UserController))
 6 SYSTEMPATH\CodeIgniter.php(353): CodeIgniter\CodeIgniter->handleRequest(null, Object(Config\Cache), false)
 7 FCPATH\index.php(79): CodeIgniter\CodeIgniter->run()
 8 SYSTEMPATH\Commands\Server\rewrite.php(47): require_once('C:\\Users\\Usuario\\Documents\\5to Semestre\\Desarrollo de aplicaciones web\\ProyectoPlanta\\public\\index.php')
CRITICAL - 2023-11-16 02:34:33 --> view(): Argument #2 ($data) must be of type array, string given, called in C:\Users\Usuario\Documents\5to Semestre\Desarrollo de aplicaciones web\ProyectoPlanta\app\Controllers\UserController.php on line 54
in SYSTEMPATH\Common.php on line 1176.
 1 APPPATH\Controllers\UserController.php(54): view('common/menud', 'refresh')
 2 SYSTEMPATH\CodeIgniter.php(919): App\Controllers\UserController->index()
 3 SYSTEMPATH\CodeIgniter.php(494): CodeIgniter\CodeIgniter->runController(Object(App\Controllers\UserController))
 4 SYSTEMPATH\CodeIgniter.php(353): CodeIgniter\CodeIgniter->handleRequest(null, Object(Config\Cache), false)
 5 FCPATH\index.php(79): CodeIgniter\CodeIgniter->run()
 6 SYSTEMPATH\Commands\Server\rewrite.php(47): require_once('C:\\Users\\Usuario\\Documents\\5to Semestre\\Desarrollo de aplicaciones web\\ProyectoPlanta\\public\\index.php')
CRITICAL - 2023-11-16 02:34:55 --> The route for "common/menud" cannot be found.
in SYSTEMPATH\HTTP\RedirectResponse.php on line 60.
 1 SYSTEMPATH\HTTP\RedirectResponse.php(60): CodeIgniter\HTTP\Exceptions\HTTPException::forInvalidRedirectRoute('common/menud')
 2 SYSTEMPATH\Common.php(878): CodeIgniter\HTTP\RedirectResponse->route(false)
 3 APPPATH\Controllers\UserController.php(54): redirect('common/menud', 'refresh')
 4 SYSTEMPATH\CodeIgniter.php(919): App\Controllers\UserController->index()
 5 SYSTEMPATH\CodeIgniter.php(494): CodeIgniter\CodeIgniter->runController(Object(App\Controllers\UserController))
 6 SYSTEMPATH\CodeIgniter.php(353): CodeIgniter\CodeIgniter->handleRequest(null, Object(Config\Cache), false)
 7 FCPATH\index.php(79): CodeIgniter\CodeIgniter->run()
 8 SYSTEMPATH\Commands\Server\rewrite.php(47): require_once('C:\\Users\\Usuario\\Documents\\5to Semestre\\Desarrollo de aplicaciones web\\ProyectoPlanta\\public\\index.php')
CRITICAL - 2023-11-16 16:46:27 --> Invalid file: "planta/menu.php"
in SYSTEMPATH\Exceptions\FrameworkException.php on line 39.
 1 SYSTEMPATH\View\View.php(214): CodeIgniter\Exceptions\FrameworkException::forInvalidFile('planta/menu.php')
 2 SYSTEMPATH\Common.php(1188): CodeIgniter\View\View->render('planta/menu', [], true)
 3 APPPATH\Controllers\Home.php(9): view('planta/menu')
 4 SYSTEMPATH\CodeIgniter.php(919): App\Controllers\Home->index()
 5 SYSTEMPATH\CodeIgniter.php(494): CodeIgniter\CodeIgniter->runController(Object(App\Controllers\Home))
 6 SYSTEMPATH\CodeIgniter.php(353): CodeIgniter\CodeIgniter->handleRequest(null, Object(Config\Cache), false)
 7 FCPATH\index.php(79): CodeIgniter\CodeIgniter->run()
 8 SYSTEMPATH\Commands\Server\rewrite.php(47): require_once('C:\\Users\\Usuario\\Documents\\5to Semestre\\Desarrollo de aplicaciones web\\ProyectoPlanta\\public\\index.php')
