CRITICAL - 2023-11-10 18:21:27 --> Undefined variable $plantas
in APPPATH\Views\planta\mostrar.php on line 15.
 1 APPPATH\Views\planta\mostrar.php(15): CodeIgniter\Debug\Exceptions->errorHandler(2, 'Undefined variable $plantas', 'C:\\Users\\Usuario\\Documents\\5to Semestre\\Desarrollo de aplicaciones web\\ProyectoPlanta\\app\\Views\\planta\\mostrar.php', 15)
 2 SYSTEMPATH\View\View.php(226): include('C:\\Users\\Usuario\\Documents\\5to Semestre\\Desarrollo de aplicaciones web\\ProyectoPlanta\\app\\Views\\planta\\mostrar.php')
 3 SYSTEMPATH\View\View.php(229): CodeIgniter\View\View->CodeIgniter\View\{closure}()
 4 SYSTEMPATH\Common.php(1188): CodeIgniter\View\View->render('planta/mostrar', [], true)
 5 APPPATH\Controllers\Planta.php(20): view('planta/mostrar', [...])
 6 SYSTEMPATH\CodeIgniter.php(919): App\Controllers\Planta->mostrar()
 7 SYSTEMPATH\CodeIgniter.php(494): CodeIgniter\CodeIgniter->runController(Object(App\Controllers\Planta))
 8 SYSTEMPATH\CodeIgniter.php(353): CodeIgniter\CodeIgniter->handleRequest(null, Object(Config\Cache), false)
 9 FCPATH\index.php(79): CodeIgniter\CodeIgniter->run()
10 SYSTEMPATH\Commands\Server\rewrite.php(47): require_once('C:\\Users\\Usuario\\Documents\\5to Semestre\\Desarrollo de aplicaciones web\\ProyectoPlanta\\public\\index.php')
CRITICAL - 2023-11-10 18:22:31 --> Undefined variable $plan
in APPPATH\Views\planta\mostrar.php on line 24.
 1 APPPATH\Views\planta\mostrar.php(24): CodeIgniter\Debug\Exceptions->errorHandler(2, 'Undefined variable $plan', 'C:\\Users\\Usuario\\Documents\\5to Semestre\\Desarrollo de aplicaciones web\\ProyectoPlanta\\app\\Views\\planta\\mostrar.php', 24)
 2 SYSTEMPATH\View\View.php(226): include('C:\\Users\\Usuario\\Documents\\5to Semestre\\Desarrollo de aplicaciones web\\ProyectoPlanta\\app\\Views\\planta\\mostrar.php')
 3 SYSTEMPATH\View\View.php(229): CodeIgniter\View\View->CodeIgniter\View\{closure}()
 4 SYSTEMPATH\Common.php(1188): CodeIgniter\View\View->render('planta/mostrar', [], true)
 5 APPPATH\Controllers\Planta.php(20): view('planta/mostrar', [...])
 6 SYSTEMPATH\CodeIgniter.php(919): App\Controllers\Planta->mostrar()
 7 SYSTEMPATH\CodeIgniter.php(494): CodeIgniter\CodeIgniter->runController(Object(App\Controllers\Planta))
 8 SYSTEMPATH\CodeIgniter.php(353): CodeIgniter\CodeIgniter->handleRequest(null, Object(Config\Cache), false)
 9 FCPATH\index.php(79): CodeIgniter\CodeIgniter->run()
10 SYSTEMPATH\Commands\Server\rewrite.php(47): require_once('C:\\Users\\Usuario\\Documents\\5to Semestre\\Desarrollo de aplicaciones web\\ProyectoPlanta\\public\\index.php')
CRITICAL - 2023-11-10 18:28:12 --> Invalid file: "planta/agregarP.php"
in SYSTEMPATH\Exceptions\FrameworkException.php on line 39.
 1 SYSTEMPATH\View\View.php(214): CodeIgniter\Exceptions\FrameworkException::forInvalidFile('planta/agregarP.php')
 2 SYSTEMPATH\Common.php(1188): CodeIgniter\View\View->render('planta/agregarP', [], true)
 3 APPPATH\Controllers\Planta.php(28): view('planta/agregarP')
 4 SYSTEMPATH\CodeIgniter.php(919): App\Controllers\Planta->agregar()
 5 SYSTEMPATH\CodeIgniter.php(494): CodeIgniter\CodeIgniter->runController(Object(App\Controllers\Planta))
 6 SYSTEMPATH\CodeIgniter.php(353): CodeIgniter\CodeIgniter->handleRequest(null, Object(Config\Cache), false)
 7 FCPATH\index.php(79): CodeIgniter\CodeIgniter->run()
 8 SYSTEMPATH\Commands\Server\rewrite.php(47): require_once('C:\\Users\\Usuario\\Documents\\5to Semestre\\Desarrollo de aplicaciones web\\ProyectoPlanta\\public\\index.php')
CRITICAL - 2023-11-10 18:28:57 --> Invalid file: "planta/agregarP.php"
in SYSTEMPATH\Exceptions\FrameworkException.php on line 39.
 1 SYSTEMPATH\View\View.php(214): CodeIgniter\Exceptions\FrameworkException::forInvalidFile('planta/agregarP.php')
 2 SYSTEMPATH\Common.php(1188): CodeIgniter\View\View->render('planta/agregarP', [], true)
 3 APPPATH\Controllers\Planta.php(28): view('planta/agregarP')
 4 SYSTEMPATH\CodeIgniter.php(919): App\Controllers\Planta->agregar()
 5 SYSTEMPATH\CodeIgniter.php(494): CodeIgniter\CodeIgniter->runController(Object(App\Controllers\Planta))
 6 SYSTEMPATH\CodeIgniter.php(353): CodeIgniter\CodeIgniter->handleRequest(null, Object(Config\Cache), false)
 7 FCPATH\index.php(79): CodeIgniter\CodeIgniter->run()
 8 SYSTEMPATH\Commands\Server\rewrite.php(47): require_once('C:\\Users\\Usuario\\Documents\\5to Semestre\\Desarrollo de aplicaciones web\\ProyectoPlanta\\public\\index.php')
CRITICAL - 2023-11-10 18:30:12 --> Undefined variable $planta
in APPPATH\Views\planta\agregar.php on line 10.
 1 APPPATH\Views\planta\agregar.php(10): CodeIgniter\Debug\Exceptions->errorHandler(2, 'Undefined variable $planta', 'C:\\Users\\Usuario\\Documents\\5to Semestre\\Desarrollo de aplicaciones web\\ProyectoPlanta\\app\\Views\\planta\\agregar.php', 10)
 2 SYSTEMPATH\View\View.php(226): include('C:\\Users\\Usuario\\Documents\\5to Semestre\\Desarrollo de aplicaciones web\\ProyectoPlanta\\app\\Views\\planta\\agregar.php')
 3 SYSTEMPATH\View\View.php(229): CodeIgniter\View\View->CodeIgniter\View\{closure}()
 4 SYSTEMPATH\Common.php(1188): CodeIgniter\View\View->render('planta/agregar', [], true)
 5 APPPATH\Controllers\Planta.php(28): view('planta/agregar')
 6 SYSTEMPATH\CodeIgniter.php(919): App\Controllers\Planta->agregar()
 7 SYSTEMPATH\CodeIgniter.php(494): CodeIgniter\CodeIgniter->runController(Object(App\Controllers\Planta))
 8 SYSTEMPATH\CodeIgniter.php(353): CodeIgniter\CodeIgniter->handleRequest(null, Object(Config\Cache), false)
 9 FCPATH\index.php(79): CodeIgniter\CodeIgniter->run()
10 SYSTEMPATH\Commands\Server\rewrite.php(47): require_once('C:\\Users\\Usuario\\Documents\\5to Semestre\\Desarrollo de aplicaciones web\\ProyectoPlanta\\public\\index.php')
CRITICAL - 2023-11-10 18:31:01 --> Undefined variable $plantas
in APPPATH\Views\planta\agregar.php on line 10.
 1 APPPATH\Views\planta\agregar.php(10): CodeIgniter\Debug\Exceptions->errorHandler(2, 'Undefined variable $plantas', 'C:\\Users\\Usuario\\Documents\\5to Semestre\\Desarrollo de aplicaciones web\\ProyectoPlanta\\app\\Views\\planta\\agregar.php', 10)
 2 SYSTEMPATH\View\View.php(226): include('C:\\Users\\Usuario\\Documents\\5to Semestre\\Desarrollo de aplicaciones web\\ProyectoPlanta\\app\\Views\\planta\\agregar.php')
 3 SYSTEMPATH\View\View.php(229): CodeIgniter\View\View->CodeIgniter\View\{closure}()
 4 SYSTEMPATH\Common.php(1188): CodeIgniter\View\View->render('planta/agregar', [], true)
 5 APPPATH\Controllers\Planta.php(28): view('planta/agregar')
 6 SYSTEMPATH\CodeIgniter.php(919): App\Controllers\Planta->agregar()
 7 SYSTEMPATH\CodeIgniter.php(494): CodeIgniter\CodeIgniter->runController(Object(App\Controllers\Planta))
 8 SYSTEMPATH\CodeIgniter.php(353): CodeIgniter\CodeIgniter->handleRequest(null, Object(Config\Cache), false)
 9 FCPATH\index.php(79): CodeIgniter\CodeIgniter->run()
10 SYSTEMPATH\Commands\Server\rewrite.php(47): require_once('C:\\Users\\Usuario\\Documents\\5to Semestre\\Desarrollo de aplicaciones web\\ProyectoPlanta\\public\\index.php')
CRITICAL - 2023-11-10 18:33:36 --> Invalid file: "common/menuM.php"
in SYSTEMPATH\Exceptions\FrameworkException.php on line 39.
 1 SYSTEMPATH\View\View.php(214): CodeIgniter\Exceptions\FrameworkException::forInvalidFile('common/menuM.php')
 2 SYSTEMPATH\Common.php(1188): CodeIgniter\View\View->render('common/menuM', [], true)
 3 APPPATH\Controllers\Planta.php(49): view('common/menuM')
 4 SYSTEMPATH\CodeIgniter.php(919): App\Controllers\Planta->editar('1')
 5 SYSTEMPATH\CodeIgniter.php(494): CodeIgniter\CodeIgniter->runController(Object(App\Controllers\Planta))
 6 SYSTEMPATH\CodeIgniter.php(353): CodeIgniter\CodeIgniter->handleRequest(null, Object(Config\Cache), false)
 7 FCPATH\index.php(79): CodeIgniter\CodeIgniter->run()
 8 SYSTEMPATH\Commands\Server\rewrite.php(47): require_once('C:\\Users\\Usuario\\Documents\\5to Semestre\\Desarrollo de aplicaciones web\\ProyectoPlanta\\public\\index.php')
CRITICAL - 2023-11-10 18:34:04 --> Undefined variable $plant
in APPPATH\Views\planta\editar.php on line 8.
 1 APPPATH\Views\planta\editar.php(8): CodeIgniter\Debug\Exceptions->errorHandler(2, 'Undefined variable $plant', 'C:\\Users\\Usuario\\Documents\\5to Semestre\\Desarrollo de aplicaciones web\\ProyectoPlanta\\app\\Views\\planta\\editar.php', 8)
 2 SYSTEMPATH\View\View.php(226): include('C:\\Users\\Usuario\\Documents\\5to Semestre\\Desarrollo de aplicaciones web\\ProyectoPlanta\\app\\Views\\planta\\editar.php')
 3 SYSTEMPATH\View\View.php(229): CodeIgniter\View\View->CodeIgniter\View\{closure}()
 4 SYSTEMPATH\Common.php(1188): CodeIgniter\View\View->render('planta/editar', [], true)
 5 APPPATH\Controllers\Planta.php(50): view('planta/editar', [...])
 6 SYSTEMPATH\CodeIgniter.php(919): App\Controllers\Planta->editar('1')
 7 SYSTEMPATH\CodeIgniter.php(494): CodeIgniter\CodeIgniter->runController(Object(App\Controllers\Planta))
 8 SYSTEMPATH\CodeIgniter.php(353): CodeIgniter\CodeIgniter->handleRequest(null, Object(Config\Cache), false)
 9 FCPATH\index.php(79): CodeIgniter\CodeIgniter->run()
10 SYSTEMPATH\Commands\Server\rewrite.php(47): require_once('C:\\Users\\Usuario\\Documents\\5to Semestre\\Desarrollo de aplicaciones web\\ProyectoPlanta\\public\\index.php')
CRITICAL - 2023-11-10 18:34:33 --> Undefined variable $plant
in APPPATH\Views\planta\editar.php on line 8.
 1 APPPATH\Views\planta\editar.php(8): CodeIgniter\Debug\Exceptions->errorHandler(2, 'Undefined variable $plant', 'C:\\Users\\Usuario\\Documents\\5to Semestre\\Desarrollo de aplicaciones web\\ProyectoPlanta\\app\\Views\\planta\\editar.php', 8)
 2 SYSTEMPATH\View\View.php(226): include('C:\\Users\\Usuario\\Documents\\5to Semestre\\Desarrollo de aplicaciones web\\ProyectoPlanta\\app\\Views\\planta\\editar.php')
 3 SYSTEMPATH\View\View.php(229): CodeIgniter\View\View->CodeIgniter\View\{closure}()
 4 SYSTEMPATH\Common.php(1188): CodeIgniter\View\View->render('planta/editar', [], true)
 5 APPPATH\Controllers\Planta.php(50): view('planta/editar', [...])
 6 SYSTEMPATH\CodeIgniter.php(919): App\Controllers\Planta->editar('1')
 7 SYSTEMPATH\CodeIgniter.php(494): CodeIgniter\CodeIgniter->runController(Object(App\Controllers\Planta))
 8 SYSTEMPATH\CodeIgniter.php(353): CodeIgniter\CodeIgniter->handleRequest(null, Object(Config\Cache), false)
 9 FCPATH\index.php(79): CodeIgniter\CodeIgniter->run()
10 SYSTEMPATH\Commands\Server\rewrite.php(47): require_once('C:\\Users\\Usuario\\Documents\\5to Semestre\\Desarrollo de aplicaciones web\\ProyectoPlanta\\public\\index.php')
CRITICAL - 2023-11-10 18:34:47 --> Undefined variable $planta
in APPPATH\Views\planta\editar.php on line 8.
 1 APPPATH\Views\planta\editar.php(8): CodeIgniter\Debug\Exceptions->errorHandler(2, 'Undefined variable $planta', 'C:\\Users\\Usuario\\Documents\\5to Semestre\\Desarrollo de aplicaciones web\\ProyectoPlanta\\app\\Views\\planta\\editar.php', 8)
 2 SYSTEMPATH\View\View.php(226): include('C:\\Users\\Usuario\\Documents\\5to Semestre\\Desarrollo de aplicaciones web\\ProyectoPlanta\\app\\Views\\planta\\editar.php')
 3 SYSTEMPATH\View\View.php(229): CodeIgniter\View\View->CodeIgniter\View\{closure}()
 4 SYSTEMPATH\Common.php(1188): CodeIgniter\View\View->render('planta/editar', [], true)
 5 APPPATH\Controllers\Planta.php(50): view('planta/editar', [...])
 6 SYSTEMPATH\CodeIgniter.php(919): App\Controllers\Planta->editar('1')
 7 SYSTEMPATH\CodeIgniter.php(494): CodeIgniter\CodeIgniter->runController(Object(App\Controllers\Planta))
 8 SYSTEMPATH\CodeIgniter.php(353): CodeIgniter\CodeIgniter->handleRequest(null, Object(Config\Cache), false)
 9 FCPATH\index.php(79): CodeIgniter\CodeIgniter->run()
10 SYSTEMPATH\Commands\Server\rewrite.php(47): require_once('C:\\Users\\Usuario\\Documents\\5to Semestre\\Desarrollo de aplicaciones web\\ProyectoPlanta\\public\\index.php')
CRITICAL - 2023-11-10 18:35:11 --> Undefined variable $planta
in APPPATH\Views\planta\editar.php on line 11.
 1 APPPATH\Views\planta\editar.php(11): CodeIgniter\Debug\Exceptions->errorHandler(2, 'Undefined variable $planta', 'C:\\Users\\Usuario\\Documents\\5to Semestre\\Desarrollo de aplicaciones web\\ProyectoPlanta\\app\\Views\\planta\\editar.php', 11)
 2 SYSTEMPATH\View\View.php(226): include('C:\\Users\\Usuario\\Documents\\5to Semestre\\Desarrollo de aplicaciones web\\ProyectoPlanta\\app\\Views\\planta\\editar.php')
 3 SYSTEMPATH\View\View.php(229): CodeIgniter\View\View->CodeIgniter\View\{closure}()
 4 SYSTEMPATH\Common.php(1188): CodeIgniter\View\View->render('planta/editar', [], true)
 5 APPPATH\Controllers\Planta.php(50): view('planta/editar', [...])
 6 SYSTEMPATH\CodeIgniter.php(919): App\Controllers\Planta->editar('1')
 7 SYSTEMPATH\CodeIgniter.php(494): CodeIgniter\CodeIgniter->runController(Object(App\Controllers\Planta))
 8 SYSTEMPATH\CodeIgniter.php(353): CodeIgniter\CodeIgniter->handleRequest(null, Object(Config\Cache), false)
 9 FCPATH\index.php(79): CodeIgniter\CodeIgniter->run()
10 SYSTEMPATH\Commands\Server\rewrite.php(47): require_once('C:\\Users\\Usuario\\Documents\\5to Semestre\\Desarrollo de aplicaciones web\\ProyectoPlanta\\public\\index.php')
CRITICAL - 2023-11-10 18:36:27 --> Undefined variable $platas
in APPPATH\Views\planta\buscar.php on line 31.
 1 APPPATH\Views\planta\buscar.php(31): CodeIgniter\Debug\Exceptions->errorHandler(2, 'Undefined variable $platas', 'C:\\Users\\Usuario\\Documents\\5to Semestre\\Desarrollo de aplicaciones web\\ProyectoPlanta\\app\\Views\\planta\\buscar.php', 31)
 2 SYSTEMPATH\View\View.php(226): include('C:\\Users\\Usuario\\Documents\\5to Semestre\\Desarrollo de aplicaciones web\\ProyectoPlanta\\app\\Views\\planta\\buscar.php')
 3 SYSTEMPATH\View\View.php(229): CodeIgniter\View\View->CodeIgniter\View\{closure}()
 4 SYSTEMPATH\Common.php(1188): CodeIgniter\View\View->render('planta/buscar', [], true)
 5 APPPATH\Controllers\Planta.php(79): view('planta/buscar', [...])
 6 SYSTEMPATH\CodeIgniter.php(919): App\Controllers\Planta->buscar()
 7 SYSTEMPATH\CodeIgniter.php(494): CodeIgniter\CodeIgniter->runController(Object(App\Controllers\Planta))
 8 SYSTEMPATH\CodeIgniter.php(353): CodeIgniter\CodeIgniter->handleRequest(null, Object(Config\Cache), false)
 9 FCPATH\index.php(79): CodeIgniter\CodeIgniter->run()
10 SYSTEMPATH\Commands\Server\rewrite.php(47): require_once('C:\\Users\\Usuario\\Documents\\5to Semestre\\Desarrollo de aplicaciones web\\ProyectoPlanta\\public\\index.php')
CRITICAL - 2023-11-10 19:44:10 --> Undefined variable $contrasena
in APPPATH\Controllers\UserController.php on line 35.
 1 APPPATH\Controllers\UserController.php(35): CodeIgniter\Debug\Exceptions->errorHandler(2, 'Undefined variable $contrasena', 'C:\\Users\\Usuario\\Documents\\5to Semestre\\Desarrollo de aplicaciones web\\ProyectoPlanta\\app\\Controllers\\UserController.php', 35)
 2 SYSTEMPATH\CodeIgniter.php(919): App\Controllers\UserController->index()
 3 SYSTEMPATH\CodeIgniter.php(494): CodeIgniter\CodeIgniter->runController(Object(App\Controllers\UserController))
 4 SYSTEMPATH\CodeIgniter.php(353): CodeIgniter\CodeIgniter->handleRequest(null, Object(Config\Cache), false)
 5 FCPATH\index.php(79): CodeIgniter\CodeIgniter->run()
 6 SYSTEMPATH\Commands\Server\rewrite.php(47): require_once('C:\\Users\\Usuario\\Documents\\5to Semestre\\Desarrollo de aplicaciones web\\ProyectoPlanta\\public\\index.php')
