ERROR - 2023-11-09 18:20:27 --> Error connecting to the database: mysqli_sql_exception: Access denied for user ''@'localhost' (using password: NO) in C:\Users\Usuario\Documents\5to Semestre\Desarrollo de aplicaciones web\ProyectoPlanta\system\Database\MySQLi\Connection.php:185
Stack trace:
#0 C:\Users\Usuario\Documents\5to Semestre\Desarrollo de aplicaciones web\ProyectoPlanta\system\Database\MySQLi\Connection.php(185): mysqli->real_connect('localhost', '', '', 'plant', 3307, '', 0)
#1 C:\Users\Usuario\Documents\5to Semestre\Desarrollo de aplicaciones web\ProyectoPlanta\system\Database\BaseConnection.php(391): CodeIgniter\Database\MySQLi\Connection->connect(false)
#2 C:\Users\Usuario\Documents\5to Semestre\Desarrollo de aplicaciones web\ProyectoPlanta\system\Database\BaseConnection.php(574): CodeIgniter\Database\BaseConnection->initialize()
#3 C:\Users\Usuario\Documents\5to Semestre\Desarrollo de aplicaciones web\ProyectoPlanta\system\Database\BaseBuilder.php(1615): CodeIgniter\Database\BaseConnection->query('SELECT *\nFROM `...', Array, false)
#4 C:\Users\Usuario\Documents\5to Semestre\Desarrollo de aplicaciones web\ProyectoPlanta\system\Model.php(237): CodeIgniter\Database\BaseBuilder->get()
#5 C:\Users\Usuario\Documents\5to Semestre\Desarrollo de aplicaciones web\ProyectoPlanta\system\BaseModel.php(624): CodeIgniter\Model->doFindAll(0, 0)
#6 C:\Users\Usuario\Documents\5to Semestre\Desarrollo de aplicaciones web\ProyectoPlanta\app\Controllers\Planta.php(16): CodeIgniter\BaseModel->findAll()
#7 C:\Users\Usuario\Documents\5to Semestre\Desarrollo de aplicaciones web\ProyectoPlanta\system\CodeIgniter.php(919): App\Controllers\Planta->mostrar()
#8 C:\Users\Usuario\Documents\5to Semestre\Desarrollo de aplicaciones web\ProyectoPlanta\system\CodeIgniter.php(494): CodeIgniter\CodeIgniter->runController(Object(App\Controllers\Planta))
#9 C:\Users\Usuario\Documents\5to Semestre\Desarrollo de aplicaciones web\ProyectoPlanta\system\CodeIgniter.php(353): CodeIgniter\CodeIgniter->handleRequest(NULL, Object(Config\Cache), false)
#10 C:\Users\Usuario\Documents\5to Semestre\Desarrollo de aplicaciones web\ProyectoPlanta\public\index.php(79): CodeIgniter\CodeIgniter->run()
#11 C:\Users\Usuario\Documents\5to Semestre\Desarrollo de aplicaciones web\ProyectoPlanta\system\Commands\Server\rewrite.php(47): require_once('C:\\Users\\Usuari...')
#12 {main}

Next CodeIgniter\Database\Exceptions\DatabaseException: Access denied for user ''@'localhost' (using password: NO) in C:\Users\Usuario\Documents\5to Semestre\Desarrollo de aplicaciones web\ProyectoPlanta\system\Database\MySQLi\Connection.php:229
Stack trace:
#0 C:\Users\Usuario\Documents\5to Semestre\Desarrollo de aplicaciones web\ProyectoPlanta\system\Database\BaseConnection.php(391): CodeIgniter\Database\MySQLi\Connection->connect(false)
#1 C:\Users\Usuario\Documents\5to Semestre\Desarrollo de aplicaciones web\ProyectoPlanta\system\Database\BaseConnection.php(574): CodeIgniter\Database\BaseConnection->initialize()
#2 C:\Users\Usuario\Documents\5to Semestre\Desarrollo de aplicaciones web\ProyectoPlanta\system\Database\BaseBuilder.php(1615): CodeIgniter\Database\BaseConnection->query('SELECT *\nFROM `...', Array, false)
#3 C:\Users\Usuario\Documents\5to Semestre\Desarrollo de aplicaciones web\ProyectoPlanta\system\Model.php(237): CodeIgniter\Database\BaseBuilder->get()
#4 C:\Users\Usuario\Documents\5to Semestre\Desarrollo de aplicaciones web\ProyectoPlanta\system\BaseModel.php(624): CodeIgniter\Model->doFindAll(0, 0)
#5 C:\Users\Usuario\Documents\5to Semestre\Desarrollo de aplicaciones web\ProyectoPlanta\app\Controllers\Planta.php(16): CodeIgniter\BaseModel->findAll()
#6 C:\Users\Usuario\Documents\5to Semestre\Desarrollo de aplicaciones web\ProyectoPlanta\system\CodeIgniter.php(919): App\Controllers\Planta->mostrar()
#7 C:\Users\Usuario\Documents\5to Semestre\Desarrollo de aplicaciones web\ProyectoPlanta\system\CodeIgniter.php(494): CodeIgniter\CodeIgniter->runController(Object(App\Controllers\Planta))
#8 C:\Users\Usuario\Documents\5to Semestre\Desarrollo de aplicaciones web\ProyectoPlanta\system\CodeIgniter.php(353): CodeIgniter\CodeIgniter->handleRequest(NULL, Object(Config\Cache), false)
#9 C:\Users\Usuario\Documents\5to Semestre\Desarrollo de aplicaciones web\ProyectoPlanta\public\index.php(79): CodeIgniter\CodeIgniter->run()
#10 C:\Users\Usuario\Documents\5to Semestre\Desarrollo de aplicaciones web\ProyectoPlanta\system\Commands\Server\rewrite.php(47): require_once('C:\\Users\\Usuari...')
#11 {main}
CRITICAL - 2023-11-09 18:20:27 --> Unable to connect to the database.
Main connection [MySQLi]: Access denied for user ''@'localhost' (using password: NO)
in SYSTEMPATH\Database\BaseConnection.php on line 427.
 1 SYSTEMPATH\Database\BaseConnection.php(574): CodeIgniter\Database\BaseConnection->initialize()
 2 SYSTEMPATH\Database\BaseBuilder.php(1615): CodeIgniter\Database\BaseConnection->query('SELECT *
FROM `plan`', [], false)
 3 SYSTEMPATH\Model.php(237): CodeIgniter\Database\BaseBuilder->get()
 4 SYSTEMPATH\BaseModel.php(624): CodeIgniter\Model->doFindAll(0, 0)
 5 APPPATH\Controllers\Planta.php(16): CodeIgniter\BaseModel->findAll()
 6 SYSTEMPATH\CodeIgniter.php(919): App\Controllers\Planta->mostrar()
 7 SYSTEMPATH\CodeIgniter.php(494): CodeIgniter\CodeIgniter->runController(Object(App\Controllers\Planta))
 8 SYSTEMPATH\CodeIgniter.php(353): CodeIgniter\CodeIgniter->handleRequest(null, Object(Config\Cache), false)
 9 FCPATH\index.php(79): CodeIgniter\CodeIgniter->run()
10 SYSTEMPATH\Commands\Server\rewrite.php(47): require_once('C:\\Users\\Usuario\\Documents\\5to Semestre\\Desarrollo de aplicaciones web\\ProyectoPlanta\\public\\index.php')
ERROR - 2023-11-09 18:20:28 --> Error connecting to the database: mysqli_sql_exception: Access denied for user ''@'localhost' (using password: NO) in C:\Users\Usuario\Documents\5to Semestre\Desarrollo de aplicaciones web\ProyectoPlanta\system\Database\MySQLi\Connection.php:185
Stack trace:
#0 C:\Users\Usuario\Documents\5to Semestre\Desarrollo de aplicaciones web\ProyectoPlanta\system\Database\MySQLi\Connection.php(185): mysqli->real_connect('localhost', '', '', 'plant', 3307, '', 0)
#1 C:\Users\Usuario\Documents\5to Semestre\Desarrollo de aplicaciones web\ProyectoPlanta\system\Database\BaseConnection.php(391): CodeIgniter\Database\MySQLi\Connection->connect(false)
#2 C:\Users\Usuario\Documents\5to Semestre\Desarrollo de aplicaciones web\ProyectoPlanta\system\Database\BaseConnection.php(574): CodeIgniter\Database\BaseConnection->initialize()
#3 C:\Users\Usuario\Documents\5to Semestre\Desarrollo de aplicaciones web\ProyectoPlanta\system\Database\BaseBuilder.php(1615): CodeIgniter\Database\BaseConnection->query('SELECT *\nFROM `...', Array, false)
#4 C:\Users\Usuario\Documents\5to Semestre\Desarrollo de aplicaciones web\ProyectoPlanta\system\Model.php(237): CodeIgniter\Database\BaseBuilder->get()
#5 C:\Users\Usuario\Documents\5to Semestre\Desarrollo de aplicaciones web\ProyectoPlanta\system\BaseModel.php(624): CodeIgniter\Model->doFindAll(0, 0)
#6 C:\Users\Usuario\Documents\5to Semestre\Desarrollo de aplicaciones web\ProyectoPlanta\app\Controllers\Planta.php(16): CodeIgniter\BaseModel->findAll()
#7 C:\Users\Usuario\Documents\5to Semestre\Desarrollo de aplicaciones web\ProyectoPlanta\system\CodeIgniter.php(919): App\Controllers\Planta->mostrar()
#8 C:\Users\Usuario\Documents\5to Semestre\Desarrollo de aplicaciones web\ProyectoPlanta\system\CodeIgniter.php(494): CodeIgniter\CodeIgniter->runController(Object(App\Controllers\Planta))
#9 C:\Users\Usuario\Documents\5to Semestre\Desarrollo de aplicaciones web\ProyectoPlanta\system\CodeIgniter.php(353): CodeIgniter\CodeIgniter->handleRequest(NULL, Object(Config\Cache), false)
#10 C:\Users\Usuario\Documents\5to Semestre\Desarrollo de aplicaciones web\ProyectoPlanta\public\index.php(79): CodeIgniter\CodeIgniter->run()
#11 C:\Users\Usuario\Documents\5to Semestre\Desarrollo de aplicaciones web\ProyectoPlanta\system\Commands\Server\rewrite.php(47): require_once('C:\\Users\\Usuari...')
#12 {main}

Next CodeIgniter\Database\Exceptions\DatabaseException: Access denied for user ''@'localhost' (using password: NO) in C:\Users\Usuario\Documents\5to Semestre\Desarrollo de aplicaciones web\ProyectoPlanta\system\Database\MySQLi\Connection.php:229
Stack trace:
#0 C:\Users\Usuario\Documents\5to Semestre\Desarrollo de aplicaciones web\ProyectoPlanta\system\Database\BaseConnection.php(391): CodeIgniter\Database\MySQLi\Connection->connect(false)
#1 C:\Users\Usuario\Documents\5to Semestre\Desarrollo de aplicaciones web\ProyectoPlanta\system\Database\BaseConnection.php(574): CodeIgniter\Database\BaseConnection->initialize()
#2 C:\Users\Usuario\Documents\5to Semestre\Desarrollo de aplicaciones web\ProyectoPlanta\system\Database\BaseBuilder.php(1615): CodeIgniter\Database\BaseConnection->query('SELECT *\nFROM `...', Array, false)
#3 C:\Users\Usuario\Documents\5to Semestre\Desarrollo de aplicaciones web\ProyectoPlanta\system\Model.php(237): CodeIgniter\Database\BaseBuilder->get()
#4 C:\Users\Usuario\Documents\5to Semestre\Desarrollo de aplicaciones web\ProyectoPlanta\system\BaseModel.php(624): CodeIgniter\Model->doFindAll(0, 0)
#5 C:\Users\Usuario\Documents\5to Semestre\Desarrollo de aplicaciones web\ProyectoPlanta\app\Controllers\Planta.php(16): CodeIgniter\BaseModel->findAll()
#6 C:\Users\Usuario\Documents\5to Semestre\Desarrollo de aplicaciones web\ProyectoPlanta\system\CodeIgniter.php(919): App\Controllers\Planta->mostrar()
#7 C:\Users\Usuario\Documents\5to Semestre\Desarrollo de aplicaciones web\ProyectoPlanta\system\CodeIgniter.php(494): CodeIgniter\CodeIgniter->runController(Object(App\Controllers\Planta))
#8 C:\Users\Usuario\Documents\5to Semestre\Desarrollo de aplicaciones web\ProyectoPlanta\system\CodeIgniter.php(353): CodeIgniter\CodeIgniter->handleRequest(NULL, Object(Config\Cache), false)
#9 C:\Users\Usuario\Documents\5to Semestre\Desarrollo de aplicaciones web\ProyectoPlanta\public\index.php(79): CodeIgniter\CodeIgniter->run()
#10 C:\Users\Usuario\Documents\5to Semestre\Desarrollo de aplicaciones web\ProyectoPlanta\system\Commands\Server\rewrite.php(47): require_once('C:\\Users\\Usuari...')
#11 {main}
CRITICAL - 2023-11-09 18:20:28 --> Unable to connect to the database.
Main connection [MySQLi]: Access denied for user ''@'localhost' (using password: NO)
in SYSTEMPATH\Database\BaseConnection.php on line 427.
 1 SYSTEMPATH\Database\BaseConnection.php(574): CodeIgniter\Database\BaseConnection->initialize()
 2 SYSTEMPATH\Database\BaseBuilder.php(1615): CodeIgniter\Database\BaseConnection->query('SELECT *
FROM `plan`', [], false)
 3 SYSTEMPATH\Model.php(237): CodeIgniter\Database\BaseBuilder->get()
 4 SYSTEMPATH\BaseModel.php(624): CodeIgniter\Model->doFindAll(0, 0)
 5 APPPATH\Controllers\Planta.php(16): CodeIgniter\BaseModel->findAll()
 6 SYSTEMPATH\CodeIgniter.php(919): App\Controllers\Planta->mostrar()
 7 SYSTEMPATH\CodeIgniter.php(494): CodeIgniter\CodeIgniter->runController(Object(App\Controllers\Planta))
 8 SYSTEMPATH\CodeIgniter.php(353): CodeIgniter\CodeIgniter->handleRequest(null, Object(Config\Cache), false)
 9 FCPATH\index.php(79): CodeIgniter\CodeIgniter->run()
10 SYSTEMPATH\Commands\Server\rewrite.php(47): require_once('C:\\Users\\Usuario\\Documents\\5to Semestre\\Desarrollo de aplicaciones web\\ProyectoPlanta\\public\\index.php')
ERROR - 2023-11-09 18:21:30 --> Error connecting to the database: mysqli_sql_exception: Access denied for user ''@'localhost' (using password: NO) in C:\Users\Usuario\Documents\5to Semestre\Desarrollo de aplicaciones web\ProyectoPlanta\system\Database\MySQLi\Connection.php:185
Stack trace:
#0 C:\Users\Usuario\Documents\5to Semestre\Desarrollo de aplicaciones web\ProyectoPlanta\system\Database\MySQLi\Connection.php(185): mysqli->real_connect('localhost', '', '', 'plant', 3307, '', 0)
#1 C:\Users\Usuario\Documents\5to Semestre\Desarrollo de aplicaciones web\ProyectoPlanta\system\Database\BaseConnection.php(391): CodeIgniter\Database\MySQLi\Connection->connect(false)
#2 C:\Users\Usuario\Documents\5to Semestre\Desarrollo de aplicaciones web\ProyectoPlanta\system\Database\BaseConnection.php(574): CodeIgniter\Database\BaseConnection->initialize()
#3 C:\Users\Usuario\Documents\5to Semestre\Desarrollo de aplicaciones web\ProyectoPlanta\system\Database\BaseBuilder.php(1615): CodeIgniter\Database\BaseConnection->query('SELECT *\nFROM `...', Array, false)
#4 C:\Users\Usuario\Documents\5to Semestre\Desarrollo de aplicaciones web\ProyectoPlanta\system\Model.php(237): CodeIgniter\Database\BaseBuilder->get()
#5 C:\Users\Usuario\Documents\5to Semestre\Desarrollo de aplicaciones web\ProyectoPlanta\system\BaseModel.php(624): CodeIgniter\Model->doFindAll(0, 0)
#6 C:\Users\Usuario\Documents\5to Semestre\Desarrollo de aplicaciones web\ProyectoPlanta\app\Controllers\Planta.php(16): CodeIgniter\BaseModel->findAll()
#7 C:\Users\Usuario\Documents\5to Semestre\Desarrollo de aplicaciones web\ProyectoPlanta\system\CodeIgniter.php(919): App\Controllers\Planta->mostrar()
#8 C:\Users\Usuario\Documents\5to Semestre\Desarrollo de aplicaciones web\ProyectoPlanta\system\CodeIgniter.php(494): CodeIgniter\CodeIgniter->runController(Object(App\Controllers\Planta))
#9 C:\Users\Usuario\Documents\5to Semestre\Desarrollo de aplicaciones web\ProyectoPlanta\system\CodeIgniter.php(353): CodeIgniter\CodeIgniter->handleRequest(NULL, Object(Config\Cache), false)
#10 C:\Users\Usuario\Documents\5to Semestre\Desarrollo de aplicaciones web\ProyectoPlanta\public\index.php(79): CodeIgniter\CodeIgniter->run()
#11 C:\Users\Usuario\Documents\5to Semestre\Desarrollo de aplicaciones web\ProyectoPlanta\system\Commands\Server\rewrite.php(47): require_once('C:\\Users\\Usuari...')
#12 {main}

Next CodeIgniter\Database\Exceptions\DatabaseException: Access denied for user ''@'localhost' (using password: NO) in C:\Users\Usuario\Documents\5to Semestre\Desarrollo de aplicaciones web\ProyectoPlanta\system\Database\MySQLi\Connection.php:229
Stack trace:
#0 C:\Users\Usuario\Documents\5to Semestre\Desarrollo de aplicaciones web\ProyectoPlanta\system\Database\BaseConnection.php(391): CodeIgniter\Database\MySQLi\Connection->connect(false)
#1 C:\Users\Usuario\Documents\5to Semestre\Desarrollo de aplicaciones web\ProyectoPlanta\system\Database\BaseConnection.php(574): CodeIgniter\Database\BaseConnection->initialize()
#2 C:\Users\Usuario\Documents\5to Semestre\Desarrollo de aplicaciones web\ProyectoPlanta\system\Database\BaseBuilder.php(1615): CodeIgniter\Database\BaseConnection->query('SELECT *\nFROM `...', Array, false)
#3 C:\Users\Usuario\Documents\5to Semestre\Desarrollo de aplicaciones web\ProyectoPlanta\system\Model.php(237): CodeIgniter\Database\BaseBuilder->get()
#4 C:\Users\Usuario\Documents\5to Semestre\Desarrollo de aplicaciones web\ProyectoPlanta\system\BaseModel.php(624): CodeIgniter\Model->doFindAll(0, 0)
#5 C:\Users\Usuario\Documents\5to Semestre\Desarrollo de aplicaciones web\ProyectoPlanta\app\Controllers\Planta.php(16): CodeIgniter\BaseModel->findAll()
#6 C:\Users\Usuario\Documents\5to Semestre\Desarrollo de aplicaciones web\ProyectoPlanta\system\CodeIgniter.php(919): App\Controllers\Planta->mostrar()
#7 C:\Users\Usuario\Documents\5to Semestre\Desarrollo de aplicaciones web\ProyectoPlanta\system\CodeIgniter.php(494): CodeIgniter\CodeIgniter->runController(Object(App\Controllers\Planta))
#8 C:\Users\Usuario\Documents\5to Semestre\Desarrollo de aplicaciones web\ProyectoPlanta\system\CodeIgniter.php(353): CodeIgniter\CodeIgniter->handleRequest(NULL, Object(Config\Cache), false)
#9 C:\Users\Usuario\Documents\5to Semestre\Desarrollo de aplicaciones web\ProyectoPlanta\public\index.php(79): CodeIgniter\CodeIgniter->run()
#10 C:\Users\Usuario\Documents\5to Semestre\Desarrollo de aplicaciones web\ProyectoPlanta\system\Commands\Server\rewrite.php(47): require_once('C:\\Users\\Usuari...')
#11 {main}
CRITICAL - 2023-11-09 18:21:30 --> Unable to connect to the database.
Main connection [MySQLi]: Access denied for user ''@'localhost' (using password: NO)
in SYSTEMPATH\Database\BaseConnection.php on line 427.
 1 SYSTEMPATH\Database\BaseConnection.php(574): CodeIgniter\Database\BaseConnection->initialize()
 2 SYSTEMPATH\Database\BaseBuilder.php(1615): CodeIgniter\Database\BaseConnection->query('SELECT *
FROM `plan`', [], false)
 3 SYSTEMPATH\Model.php(237): CodeIgniter\Database\BaseBuilder->get()
 4 SYSTEMPATH\BaseModel.php(624): CodeIgniter\Model->doFindAll(0, 0)
 5 APPPATH\Controllers\Planta.php(16): CodeIgniter\BaseModel->findAll()
 6 SYSTEMPATH\CodeIgniter.php(919): App\Controllers\Planta->mostrar()
 7 SYSTEMPATH\CodeIgniter.php(494): CodeIgniter\CodeIgniter->runController(Object(App\Controllers\Planta))
 8 SYSTEMPATH\CodeIgniter.php(353): CodeIgniter\CodeIgniter->handleRequest(null, Object(Config\Cache), false)
 9 FCPATH\index.php(79): CodeIgniter\CodeIgniter->run()
10 SYSTEMPATH\Commands\Server\rewrite.php(47): require_once('C:\\Users\\Usuario\\Documents\\5to Semestre\\Desarrollo de aplicaciones web\\ProyectoPlanta\\public\\index.php')
ERROR - 2023-11-09 18:22:37 --> Error connecting to the database: mysqli_sql_exception: Access denied for user ''@'localhost' (using password: NO) in C:\Users\Usuario\Documents\5to Semestre\Desarrollo de aplicaciones web\ProyectoPlanta\system\Database\MySQLi\Connection.php:185
Stack trace:
#0 C:\Users\Usuario\Documents\5to Semestre\Desarrollo de aplicaciones web\ProyectoPlanta\system\Database\MySQLi\Connection.php(185): mysqli->real_connect('localhost', '', '', 'plant', 3307, '', 0)
#1 C:\Users\Usuario\Documents\5to Semestre\Desarrollo de aplicaciones web\ProyectoPlanta\system\Database\BaseConnection.php(391): CodeIgniter\Database\MySQLi\Connection->connect(false)
#2 C:\Users\Usuario\Documents\5to Semestre\Desarrollo de aplicaciones web\ProyectoPlanta\system\Database\BaseConnection.php(574): CodeIgniter\Database\BaseConnection->initialize()
#3 C:\Users\Usuario\Documents\5to Semestre\Desarrollo de aplicaciones web\ProyectoPlanta\system\Database\BaseBuilder.php(1615): CodeIgniter\Database\BaseConnection->query('SELECT *\nFROM `...', Array, false)
#4 C:\Users\Usuario\Documents\5to Semestre\Desarrollo de aplicaciones web\ProyectoPlanta\system\Model.php(237): CodeIgniter\Database\BaseBuilder->get()
#5 C:\Users\Usuario\Documents\5to Semestre\Desarrollo de aplicaciones web\ProyectoPlanta\system\BaseModel.php(624): CodeIgniter\Model->doFindAll(0, 0)
#6 C:\Users\Usuario\Documents\5to Semestre\Desarrollo de aplicaciones web\ProyectoPlanta\app\Controllers\Planta.php(16): CodeIgniter\BaseModel->findAll()
#7 C:\Users\Usuario\Documents\5to Semestre\Desarrollo de aplicaciones web\ProyectoPlanta\system\CodeIgniter.php(919): App\Controllers\Planta->mostrar()
#8 C:\Users\Usuario\Documents\5to Semestre\Desarrollo de aplicaciones web\ProyectoPlanta\system\CodeIgniter.php(494): CodeIgniter\CodeIgniter->runController(Object(App\Controllers\Planta))
#9 C:\Users\Usuario\Documents\5to Semestre\Desarrollo de aplicaciones web\ProyectoPlanta\system\CodeIgniter.php(353): CodeIgniter\CodeIgniter->handleRequest(NULL, Object(Config\Cache), false)
#10 C:\Users\Usuario\Documents\5to Semestre\Desarrollo de aplicaciones web\ProyectoPlanta\public\index.php(79): CodeIgniter\CodeIgniter->run()
#11 C:\Users\Usuario\Documents\5to Semestre\Desarrollo de aplicaciones web\ProyectoPlanta\system\Commands\Server\rewrite.php(47): require_once('C:\\Users\\Usuari...')
#12 {main}

Next CodeIgniter\Database\Exceptions\DatabaseException: Access denied for user ''@'localhost' (using password: NO) in C:\Users\Usuario\Documents\5to Semestre\Desarrollo de aplicaciones web\ProyectoPlanta\system\Database\MySQLi\Connection.php:229
Stack trace:
#0 C:\Users\Usuario\Documents\5to Semestre\Desarrollo de aplicaciones web\ProyectoPlanta\system\Database\BaseConnection.php(391): CodeIgniter\Database\MySQLi\Connection->connect(false)
#1 C:\Users\Usuario\Documents\5to Semestre\Desarrollo de aplicaciones web\ProyectoPlanta\system\Database\BaseConnection.php(574): CodeIgniter\Database\BaseConnection->initialize()
#2 C:\Users\Usuario\Documents\5to Semestre\Desarrollo de aplicaciones web\ProyectoPlanta\system\Database\BaseBuilder.php(1615): CodeIgniter\Database\BaseConnection->query('SELECT *\nFROM `...', Array, false)
#3 C:\Users\Usuario\Documents\5to Semestre\Desarrollo de aplicaciones web\ProyectoPlanta\system\Model.php(237): CodeIgniter\Database\BaseBuilder->get()
#4 C:\Users\Usuario\Documents\5to Semestre\Desarrollo de aplicaciones web\ProyectoPlanta\system\BaseModel.php(624): CodeIgniter\Model->doFindAll(0, 0)
#5 C:\Users\Usuario\Documents\5to Semestre\Desarrollo de aplicaciones web\ProyectoPlanta\app\Controllers\Planta.php(16): CodeIgniter\BaseModel->findAll()
#6 C:\Users\Usuario\Documents\5to Semestre\Desarrollo de aplicaciones web\ProyectoPlanta\system\CodeIgniter.php(919): App\Controllers\Planta->mostrar()
#7 C:\Users\Usuario\Documents\5to Semestre\Desarrollo de aplicaciones web\ProyectoPlanta\system\CodeIgniter.php(494): CodeIgniter\CodeIgniter->runController(Object(App\Controllers\Planta))
#8 C:\Users\Usuario\Documents\5to Semestre\Desarrollo de aplicaciones web\ProyectoPlanta\system\CodeIgniter.php(353): CodeIgniter\CodeIgniter->handleRequest(NULL, Object(Config\Cache), false)
#9 C:\Users\Usuario\Documents\5to Semestre\Desarrollo de aplicaciones web\ProyectoPlanta\public\index.php(79): CodeIgniter\CodeIgniter->run()
#10 C:\Users\Usuario\Documents\5to Semestre\Desarrollo de aplicaciones web\ProyectoPlanta\system\Commands\Server\rewrite.php(47): require_once('C:\\Users\\Usuari...')
#11 {main}
CRITICAL - 2023-11-09 18:22:37 --> Unable to connect to the database.
Main connection [MySQLi]: Access denied for user ''@'localhost' (using password: NO)
in SYSTEMPATH\Database\BaseConnection.php on line 427.
 1 SYSTEMPATH\Database\BaseConnection.php(574): CodeIgniter\Database\BaseConnection->initialize()
 2 SYSTEMPATH\Database\BaseBuilder.php(1615): CodeIgniter\Database\BaseConnection->query('SELECT *
FROM `plan`', [], false)
 3 SYSTEMPATH\Model.php(237): CodeIgniter\Database\BaseBuilder->get()
 4 SYSTEMPATH\BaseModel.php(624): CodeIgniter\Model->doFindAll(0, 0)
 5 APPPATH\Controllers\Planta.php(16): CodeIgniter\BaseModel->findAll()
 6 SYSTEMPATH\CodeIgniter.php(919): App\Controllers\Planta->mostrar()
 7 SYSTEMPATH\CodeIgniter.php(494): CodeIgniter\CodeIgniter->runController(Object(App\Controllers\Planta))
 8 SYSTEMPATH\CodeIgniter.php(353): CodeIgniter\CodeIgniter->handleRequest(null, Object(Config\Cache), false)
 9 FCPATH\index.php(79): CodeIgniter\CodeIgniter->run()
10 SYSTEMPATH\Commands\Server\rewrite.php(47): require_once('C:\\Users\\Usuario\\Documents\\5to Semestre\\Desarrollo de aplicaciones web\\ProyectoPlanta\\public\\index.php')
ERROR - 2023-11-09 18:22:50 --> Error connecting to the database: mysqli_sql_exception: Access denied for user ''@'localhost' (using password: NO) in C:\Users\Usuario\Documents\5to Semestre\Desarrollo de aplicaciones web\ProyectoPlanta\system\Database\MySQLi\Connection.php:185
Stack trace:
#0 C:\Users\Usuario\Documents\5to Semestre\Desarrollo de aplicaciones web\ProyectoPlanta\system\Database\MySQLi\Connection.php(185): mysqli->real_connect('localhost', '', '', 'plant', 3307, '', 0)
#1 C:\Users\Usuario\Documents\5to Semestre\Desarrollo de aplicaciones web\ProyectoPlanta\system\Database\BaseConnection.php(391): CodeIgniter\Database\MySQLi\Connection->connect(false)
#2 C:\Users\Usuario\Documents\5to Semestre\Desarrollo de aplicaciones web\ProyectoPlanta\system\Database\BaseConnection.php(574): CodeIgniter\Database\BaseConnection->initialize()
#3 C:\Users\Usuario\Documents\5to Semestre\Desarrollo de aplicaciones web\ProyectoPlanta\system\Database\BaseBuilder.php(1615): CodeIgniter\Database\BaseConnection->query('SELECT *\nFROM `...', Array, false)
#4 C:\Users\Usuario\Documents\5to Semestre\Desarrollo de aplicaciones web\ProyectoPlanta\system\Model.php(237): CodeIgniter\Database\BaseBuilder->get()
#5 C:\Users\Usuario\Documents\5to Semestre\Desarrollo de aplicaciones web\ProyectoPlanta\system\BaseModel.php(624): CodeIgniter\Model->doFindAll(0, 0)
#6 C:\Users\Usuario\Documents\5to Semestre\Desarrollo de aplicaciones web\ProyectoPlanta\app\Controllers\Planta.php(16): CodeIgniter\BaseModel->findAll()
#7 C:\Users\Usuario\Documents\5to Semestre\Desarrollo de aplicaciones web\ProyectoPlanta\system\CodeIgniter.php(919): App\Controllers\Planta->mostrar()
#8 C:\Users\Usuario\Documents\5to Semestre\Desarrollo de aplicaciones web\ProyectoPlanta\system\CodeIgniter.php(494): CodeIgniter\CodeIgniter->runController(Object(App\Controllers\Planta))
#9 C:\Users\Usuario\Documents\5to Semestre\Desarrollo de aplicaciones web\ProyectoPlanta\system\CodeIgniter.php(353): CodeIgniter\CodeIgniter->handleRequest(NULL, Object(Config\Cache), false)
#10 C:\Users\Usuario\Documents\5to Semestre\Desarrollo de aplicaciones web\ProyectoPlanta\public\index.php(79): CodeIgniter\CodeIgniter->run()
#11 C:\Users\Usuario\Documents\5to Semestre\Desarrollo de aplicaciones web\ProyectoPlanta\system\Commands\Server\rewrite.php(47): require_once('C:\\Users\\Usuari...')
#12 {main}

Next CodeIgniter\Database\Exceptions\DatabaseException: Access denied for user ''@'localhost' (using password: NO) in C:\Users\Usuario\Documents\5to Semestre\Desarrollo de aplicaciones web\ProyectoPlanta\system\Database\MySQLi\Connection.php:229
Stack trace:
#0 C:\Users\Usuario\Documents\5to Semestre\Desarrollo de aplicaciones web\ProyectoPlanta\system\Database\BaseConnection.php(391): CodeIgniter\Database\MySQLi\Connection->connect(false)
#1 C:\Users\Usuario\Documents\5to Semestre\Desarrollo de aplicaciones web\ProyectoPlanta\system\Database\BaseConnection.php(574): CodeIgniter\Database\BaseConnection->initialize()
#2 C:\Users\Usuario\Documents\5to Semestre\Desarrollo de aplicaciones web\ProyectoPlanta\system\Database\BaseBuilder.php(1615): CodeIgniter\Database\BaseConnection->query('SELECT *\nFROM `...', Array, false)
#3 C:\Users\Usuario\Documents\5to Semestre\Desarrollo de aplicaciones web\ProyectoPlanta\system\Model.php(237): CodeIgniter\Database\BaseBuilder->get()
#4 C:\Users\Usuario\Documents\5to Semestre\Desarrollo de aplicaciones web\ProyectoPlanta\system\BaseModel.php(624): CodeIgniter\Model->doFindAll(0, 0)
#5 C:\Users\Usuario\Documents\5to Semestre\Desarrollo de aplicaciones web\ProyectoPlanta\app\Controllers\Planta.php(16): CodeIgniter\BaseModel->findAll()
#6 C:\Users\Usuario\Documents\5to Semestre\Desarrollo de aplicaciones web\ProyectoPlanta\system\CodeIgniter.php(919): App\Controllers\Planta->mostrar()
#7 C:\Users\Usuario\Documents\5to Semestre\Desarrollo de aplicaciones web\ProyectoPlanta\system\CodeIgniter.php(494): CodeIgniter\CodeIgniter->runController(Object(App\Controllers\Planta))
#8 C:\Users\Usuario\Documents\5to Semestre\Desarrollo de aplicaciones web\ProyectoPlanta\system\CodeIgniter.php(353): CodeIgniter\CodeIgniter->handleRequest(NULL, Object(Config\Cache), false)
#9 C:\Users\Usuario\Documents\5to Semestre\Desarrollo de aplicaciones web\ProyectoPlanta\public\index.php(79): CodeIgniter\CodeIgniter->run()
#10 C:\Users\Usuario\Documents\5to Semestre\Desarrollo de aplicaciones web\ProyectoPlanta\system\Commands\Server\rewrite.php(47): require_once('C:\\Users\\Usuari...')
#11 {main}
CRITICAL - 2023-11-09 18:22:50 --> Unable to connect to the database.
Main connection [MySQLi]: Access denied for user ''@'localhost' (using password: NO)
in SYSTEMPATH\Database\BaseConnection.php on line 427.
 1 SYSTEMPATH\Database\BaseConnection.php(574): CodeIgniter\Database\BaseConnection->initialize()
 2 SYSTEMPATH\Database\BaseBuilder.php(1615): CodeIgniter\Database\BaseConnection->query('SELECT *
FROM `plan`', [], false)
 3 SYSTEMPATH\Model.php(237): CodeIgniter\Database\BaseBuilder->get()
 4 SYSTEMPATH\BaseModel.php(624): CodeIgniter\Model->doFindAll(0, 0)
 5 APPPATH\Controllers\Planta.php(16): CodeIgniter\BaseModel->findAll()
 6 SYSTEMPATH\CodeIgniter.php(919): App\Controllers\Planta->mostrar()
 7 SYSTEMPATH\CodeIgniter.php(494): CodeIgniter\CodeIgniter->runController(Object(App\Controllers\Planta))
 8 SYSTEMPATH\CodeIgniter.php(353): CodeIgniter\CodeIgniter->handleRequest(null, Object(Config\Cache), false)
 9 FCPATH\index.php(79): CodeIgniter\CodeIgniter->run()
10 SYSTEMPATH\Commands\Server\rewrite.php(47): require_once('C:\\Users\\Usuario\\Documents\\5to Semestre\\Desarrollo de aplicaciones web\\ProyectoPlanta\\public\\index.php')
CRITICAL - 2023-11-09 18:23:52 --> Undefined variable $plans
in APPPATH\Views\planta\mostrar.php on line 15.
 1 APPPATH\Views\planta\mostrar.php(15): CodeIgniter\Debug\Exceptions->errorHandler(2, 'Undefined variable $plans', 'C:\\Users\\Usuario\\Documents\\5to Semestre\\Desarrollo de aplicaciones web\\ProyectoPlanta\\app\\Views\\planta\\mostrar.php', 15)
 2 SYSTEMPATH\View\View.php(226): include('C:\\Users\\Usuario\\Documents\\5to Semestre\\Desarrollo de aplicaciones web\\ProyectoPlanta\\app\\Views\\planta\\mostrar.php')
 3 SYSTEMPATH\View\View.php(229): CodeIgniter\View\View->CodeIgniter\View\{closure}()
 4 SYSTEMPATH\Common.php(1188): CodeIgniter\View\View->render('planta/mostrar', [], true)
 5 APPPATH\Controllers\Planta.php(20): view('planta/mostrar', [...])
 6 SYSTEMPATH\CodeIgniter.php(919): App\Controllers\Planta->mostrar()
 7 SYSTEMPATH\CodeIgniter.php(494): CodeIgniter\CodeIgniter->runController(Object(App\Controllers\Planta))
 8 SYSTEMPATH\CodeIgniter.php(353): CodeIgniter\CodeIgniter->handleRequest(null, Object(Config\Cache), false)
 9 FCPATH\index.php(79): CodeIgniter\CodeIgniter->run()
10 SYSTEMPATH\Commands\Server\rewrite.php(47): require_once('C:\\Users\\Usuario\\Documents\\5to Semestre\\Desarrollo de aplicaciones web\\ProyectoPlanta\\public\\index.php')
