CRITICAL - 2023-11-26 21:30:39 --> Undefined property: stdClass::$id_carnivora
in APPPATH\Views\carnivora\mostrar.php on line 53.
 1 APPPATH\Views\carnivora\mostrar.php(53): CodeIgniter\Debug\Exceptions->errorHandler(2, 'Undefined property: stdClass::$id_carnivora', 'C:\\Users\\Usuario\\Documents\\5to Semestre\\Desarrollo de aplicaciones web\\ProyectoPlanta\\app\\Views\\carnivora\\mostrar.php', 53)
 2 SYSTEMPATH\View\View.php(226): include('C:\\Users\\Usuario\\Documents\\5to Semestre\\Desarrollo de aplicaciones web\\ProyectoPlanta\\app\\Views\\carnivora\\mostrar.php')
 3 SYSTEMPATH\View\View.php(229): CodeIgniter\View\View->CodeIgniter\View\{closure}()
 4 SYSTEMPATH\Common.php(1188): CodeIgniter\View\View->render('carnivora/mostrar', [], true)
 5 APPPATH\Controllers\Carnivora.php(20): view('carnivora/mostrar', [...])
 6 SYSTEMPATH\CodeIgniter.php(919): App\Controllers\Carnivora->mostrar()
 7 SYSTEMPATH\CodeIgniter.php(494): CodeIgniter\CodeIgniter->runController(Object(App\Controllers\Carnivora))
 8 SYSTEMPATH\CodeIgniter.php(353): CodeIgniter\CodeIgniter->handleRequest(null, Object(Config\Cache), false)
 9 FCPATH\index.php(79): CodeIgniter\CodeIgniter->run()
10 SYSTEMPATH\Commands\Server\rewrite.php(47): require_once('C:\\Users\\Usuario\\Documents\\5to Semestre\\Desarrollo de aplicaciones web\\ProyectoPlanta\\public\\index.php')
ERROR - 2023-11-26 21:36:10 --> mysqli_sql_exception: Unknown column 'planta_carnivora.id_carnivora' in 'where clause' in C:\Users\Usuario\Documents\5to Semestre\Desarrollo de aplicaciones web\ProyectoPlanta\system\Database\MySQLi\Connection.php:306
Stack trace:
#0 C:\Users\Usuario\Documents\5to Semestre\Desarrollo de aplicaciones web\ProyectoPlanta\system\Database\MySQLi\Connection.php(306): mysqli->query('SELECT *\nFROM `...', 0)
#1 C:\Users\Usuario\Documents\5to Semestre\Desarrollo de aplicaciones web\ProyectoPlanta\system\Database\BaseConnection.php(692): CodeIgniter\Database\MySQLi\Connection->execute('SELECT *\nFROM `...')
#2 C:\Users\Usuario\Documents\5to Semestre\Desarrollo de aplicaciones web\ProyectoPlanta\system\Database\BaseConnection.php(606): CodeIgniter\Database\BaseConnection->simpleQuery('SELECT *\nFROM `...')
#3 C:\Users\Usuario\Documents\5to Semestre\Desarrollo de aplicaciones web\ProyectoPlanta\system\Database\BaseBuilder.php(1615): CodeIgniter\Database\BaseConnection->query('SELECT *\nFROM `...', Array, false)
#4 C:\Users\Usuario\Documents\5to Semestre\Desarrollo de aplicaciones web\ProyectoPlanta\system\Model.php(196): CodeIgniter\Database\BaseBuilder->get()
#5 C:\Users\Usuario\Documents\5to Semestre\Desarrollo de aplicaciones web\ProyectoPlanta\system\BaseModel.php(563): CodeIgniter\Model->doFind(true, '2')
#6 C:\Users\Usuario\Documents\5to Semestre\Desarrollo de aplicaciones web\ProyectoPlanta\app\Controllers\Carnivora.php(47): CodeIgniter\BaseModel->find('2')
#7 C:\Users\Usuario\Documents\5to Semestre\Desarrollo de aplicaciones web\ProyectoPlanta\system\CodeIgniter.php(919): App\Controllers\Carnivora->editar('2')
#8 C:\Users\Usuario\Documents\5to Semestre\Desarrollo de aplicaciones web\ProyectoPlanta\system\CodeIgniter.php(494): CodeIgniter\CodeIgniter->runController(Object(App\Controllers\Carnivora))
#9 C:\Users\Usuario\Documents\5to Semestre\Desarrollo de aplicaciones web\ProyectoPlanta\system\CodeIgniter.php(353): CodeIgniter\CodeIgniter->handleRequest(NULL, Object(Config\Cache), false)
#10 C:\Users\Usuario\Documents\5to Semestre\Desarrollo de aplicaciones web\ProyectoPlanta\public\index.php(79): CodeIgniter\CodeIgniter->run()
#11 C:\Users\Usuario\Documents\5to Semestre\Desarrollo de aplicaciones web\ProyectoPlanta\system\Commands\Server\rewrite.php(47): require_once('C:\\Users\\Usuari...')
#12 {main}
CRITICAL - 2023-11-26 21:36:10 --> Unknown column 'planta_carnivora.id_carnivora' in 'where clause'
in SYSTEMPATH\Database\BaseConnection.php on line 646.
 1 SYSTEMPATH\Database\BaseBuilder.php(1615): CodeIgniter\Database\BaseConnection->query('SELECT *
FROM `planta_carnivora`
WHERE `planta_carnivora`.`id_carnivora` = :planta_carnivora.id_carnivora:', [...], false)
 2 SYSTEMPATH\Model.php(196): CodeIgniter\Database\BaseBuilder->get()
 3 SYSTEMPATH\BaseModel.php(563): CodeIgniter\Model->doFind(true, '2')
 4 APPPATH\Controllers\Carnivora.php(47): CodeIgniter\BaseModel->find('2')
 5 SYSTEMPATH\CodeIgniter.php(919): App\Controllers\Carnivora->editar('2')
 6 SYSTEMPATH\CodeIgniter.php(494): CodeIgniter\CodeIgniter->runController(Object(App\Controllers\Carnivora))
 7 SYSTEMPATH\CodeIgniter.php(353): CodeIgniter\CodeIgniter->handleRequest(null, Object(Config\Cache), false)
 8 FCPATH\index.php(79): CodeIgniter\CodeIgniter->run()
 9 SYSTEMPATH\Commands\Server\rewrite.php(47): require_once('C:\\Users\\Usuario\\Documents\\5to Semestre\\Desarrollo de aplicaciones web\\ProyectoPlanta\\public\\index.php')
ERROR - 2023-11-26 21:36:34 --> mysqli_sql_exception: Unknown column 'planta_carnivora.id_carnivora' in 'where clause' in C:\Users\Usuario\Documents\5to Semestre\Desarrollo de aplicaciones web\ProyectoPlanta\system\Database\MySQLi\Connection.php:306
Stack trace:
#0 C:\Users\Usuario\Documents\5to Semestre\Desarrollo de aplicaciones web\ProyectoPlanta\system\Database\MySQLi\Connection.php(306): mysqli->query('SELECT *\nFROM `...', 0)
#1 C:\Users\Usuario\Documents\5to Semestre\Desarrollo de aplicaciones web\ProyectoPlanta\system\Database\BaseConnection.php(692): CodeIgniter\Database\MySQLi\Connection->execute('SELECT *\nFROM `...')
#2 C:\Users\Usuario\Documents\5to Semestre\Desarrollo de aplicaciones web\ProyectoPlanta\system\Database\BaseConnection.php(606): CodeIgniter\Database\BaseConnection->simpleQuery('SELECT *\nFROM `...')
#3 C:\Users\Usuario\Documents\5to Semestre\Desarrollo de aplicaciones web\ProyectoPlanta\system\Database\BaseBuilder.php(1615): CodeIgniter\Database\BaseConnection->query('SELECT *\nFROM `...', Array, false)
#4 C:\Users\Usuario\Documents\5to Semestre\Desarrollo de aplicaciones web\ProyectoPlanta\system\Model.php(196): CodeIgniter\Database\BaseBuilder->get()
#5 C:\Users\Usuario\Documents\5to Semestre\Desarrollo de aplicaciones web\ProyectoPlanta\system\BaseModel.php(563): CodeIgniter\Model->doFind(true, '2')
#6 C:\Users\Usuario\Documents\5to Semestre\Desarrollo de aplicaciones web\ProyectoPlanta\app\Controllers\Carnivora.php(47): CodeIgniter\BaseModel->find('2')
#7 C:\Users\Usuario\Documents\5to Semestre\Desarrollo de aplicaciones web\ProyectoPlanta\system\CodeIgniter.php(919): App\Controllers\Carnivora->editar('2')
#8 C:\Users\Usuario\Documents\5to Semestre\Desarrollo de aplicaciones web\ProyectoPlanta\system\CodeIgniter.php(494): CodeIgniter\CodeIgniter->runController(Object(App\Controllers\Carnivora))
#9 C:\Users\Usuario\Documents\5to Semestre\Desarrollo de aplicaciones web\ProyectoPlanta\system\CodeIgniter.php(353): CodeIgniter\CodeIgniter->handleRequest(NULL, Object(Config\Cache), false)
#10 C:\Users\Usuario\Documents\5to Semestre\Desarrollo de aplicaciones web\ProyectoPlanta\public\index.php(79): CodeIgniter\CodeIgniter->run()
#11 C:\Users\Usuario\Documents\5to Semestre\Desarrollo de aplicaciones web\ProyectoPlanta\system\Commands\Server\rewrite.php(47): require_once('C:\\Users\\Usuari...')
#12 {main}
CRITICAL - 2023-11-26 21:36:34 --> Unknown column 'planta_carnivora.id_carnivora' in 'where clause'
in SYSTEMPATH\Database\BaseConnection.php on line 646.
 1 SYSTEMPATH\Database\BaseBuilder.php(1615): CodeIgniter\Database\BaseConnection->query('SELECT *
FROM `planta_carnivora`
WHERE `planta_carnivora`.`id_carnivora` = :planta_carnivora.id_carnivora:', [...], false)
 2 SYSTEMPATH\Model.php(196): CodeIgniter\Database\BaseBuilder->get()
 3 SYSTEMPATH\BaseModel.php(563): CodeIgniter\Model->doFind(true, '2')
 4 APPPATH\Controllers\Carnivora.php(47): CodeIgniter\BaseModel->find('2')
 5 SYSTEMPATH\CodeIgniter.php(919): App\Controllers\Carnivora->editar('2')
 6 SYSTEMPATH\CodeIgniter.php(494): CodeIgniter\CodeIgniter->runController(Object(App\Controllers\Carnivora))
 7 SYSTEMPATH\CodeIgniter.php(353): CodeIgniter\CodeIgniter->handleRequest(null, Object(Config\Cache), false)
 8 FCPATH\index.php(79): CodeIgniter\CodeIgniter->run()
 9 SYSTEMPATH\Commands\Server\rewrite.php(47): require_once('C:\\Users\\Usuario\\Documents\\5to Semestre\\Desarrollo de aplicaciones web\\ProyectoPlanta\\public\\index.php')
ERROR - 2023-11-26 21:37:32 --> mysqli_sql_exception: Unknown column 'planta_carnivora.id_carnivora' in 'where clause' in C:\Users\Usuario\Documents\5to Semestre\Desarrollo de aplicaciones web\ProyectoPlanta\system\Database\MySQLi\Connection.php:306
Stack trace:
#0 C:\Users\Usuario\Documents\5to Semestre\Desarrollo de aplicaciones web\ProyectoPlanta\system\Database\MySQLi\Connection.php(306): mysqli->query('SELECT *\nFROM `...', 0)
#1 C:\Users\Usuario\Documents\5to Semestre\Desarrollo de aplicaciones web\ProyectoPlanta\system\Database\BaseConnection.php(692): CodeIgniter\Database\MySQLi\Connection->execute('SELECT *\nFROM `...')
#2 C:\Users\Usuario\Documents\5to Semestre\Desarrollo de aplicaciones web\ProyectoPlanta\system\Database\BaseConnection.php(606): CodeIgniter\Database\BaseConnection->simpleQuery('SELECT *\nFROM `...')
#3 C:\Users\Usuario\Documents\5to Semestre\Desarrollo de aplicaciones web\ProyectoPlanta\system\Database\BaseBuilder.php(1615): CodeIgniter\Database\BaseConnection->query('SELECT *\nFROM `...', Array, false)
#4 C:\Users\Usuario\Documents\5to Semestre\Desarrollo de aplicaciones web\ProyectoPlanta\system\Model.php(196): CodeIgniter\Database\BaseBuilder->get()
#5 C:\Users\Usuario\Documents\5to Semestre\Desarrollo de aplicaciones web\ProyectoPlanta\system\BaseModel.php(563): CodeIgniter\Model->doFind(true, '1')
#6 C:\Users\Usuario\Documents\5to Semestre\Desarrollo de aplicaciones web\ProyectoPlanta\app\Controllers\Carnivora.php(47): CodeIgniter\BaseModel->find('1')
#7 C:\Users\Usuario\Documents\5to Semestre\Desarrollo de aplicaciones web\ProyectoPlanta\system\CodeIgniter.php(919): App\Controllers\Carnivora->editar('1')
#8 C:\Users\Usuario\Documents\5to Semestre\Desarrollo de aplicaciones web\ProyectoPlanta\system\CodeIgniter.php(494): CodeIgniter\CodeIgniter->runController(Object(App\Controllers\Carnivora))
#9 C:\Users\Usuario\Documents\5to Semestre\Desarrollo de aplicaciones web\ProyectoPlanta\system\CodeIgniter.php(353): CodeIgniter\CodeIgniter->handleRequest(NULL, Object(Config\Cache), false)
#10 C:\Users\Usuario\Documents\5to Semestre\Desarrollo de aplicaciones web\ProyectoPlanta\public\index.php(79): CodeIgniter\CodeIgniter->run()
#11 C:\Users\Usuario\Documents\5to Semestre\Desarrollo de aplicaciones web\ProyectoPlanta\system\Commands\Server\rewrite.php(47): require_once('C:\\Users\\Usuari...')
#12 {main}
CRITICAL - 2023-11-26 21:37:32 --> Unknown column 'planta_carnivora.id_carnivora' in 'where clause'
in SYSTEMPATH\Database\BaseConnection.php on line 646.
 1 SYSTEMPATH\Database\BaseBuilder.php(1615): CodeIgniter\Database\BaseConnection->query('SELECT *
FROM `planta_carnivora`
WHERE `planta_carnivora`.`id_carnivora` = :planta_carnivora.id_carnivora:', [...], false)
 2 SYSTEMPATH\Model.php(196): CodeIgniter\Database\BaseBuilder->get()
 3 SYSTEMPATH\BaseModel.php(563): CodeIgniter\Model->doFind(true, '1')
 4 APPPATH\Controllers\Carnivora.php(47): CodeIgniter\BaseModel->find('1')
 5 SYSTEMPATH\CodeIgniter.php(919): App\Controllers\Carnivora->editar('1')
 6 SYSTEMPATH\CodeIgniter.php(494): CodeIgniter\CodeIgniter->runController(Object(App\Controllers\Carnivora))
 7 SYSTEMPATH\CodeIgniter.php(353): CodeIgniter\CodeIgniter->handleRequest(null, Object(Config\Cache), false)
 8 FCPATH\index.php(79): CodeIgniter\CodeIgniter->run()
 9 SYSTEMPATH\Commands\Server\rewrite.php(47): require_once('C:\\Users\\Usuario\\Documents\\5to Semestre\\Desarrollo de aplicaciones web\\ProyectoPlanta\\public\\index.php')
ERROR - 2023-11-26 21:37:53 --> mysqli_sql_exception: Unknown column 'planta_carnivora.id_carnivora' in 'where clause' in C:\Users\Usuario\Documents\5to Semestre\Desarrollo de aplicaciones web\ProyectoPlanta\system\Database\MySQLi\Connection.php:306
Stack trace:
#0 C:\Users\Usuario\Documents\5to Semestre\Desarrollo de aplicaciones web\ProyectoPlanta\system\Database\MySQLi\Connection.php(306): mysqli->query('SELECT *\nFROM `...', 0)
#1 C:\Users\Usuario\Documents\5to Semestre\Desarrollo de aplicaciones web\ProyectoPlanta\system\Database\BaseConnection.php(692): CodeIgniter\Database\MySQLi\Connection->execute('SELECT *\nFROM `...')
#2 C:\Users\Usuario\Documents\5to Semestre\Desarrollo de aplicaciones web\ProyectoPlanta\system\Database\BaseConnection.php(606): CodeIgniter\Database\BaseConnection->simpleQuery('SELECT *\nFROM `...')
#3 C:\Users\Usuario\Documents\5to Semestre\Desarrollo de aplicaciones web\ProyectoPlanta\system\Database\BaseBuilder.php(1615): CodeIgniter\Database\BaseConnection->query('SELECT *\nFROM `...', Array, false)
#4 C:\Users\Usuario\Documents\5to Semestre\Desarrollo de aplicaciones web\ProyectoPlanta\system\Model.php(196): CodeIgniter\Database\BaseBuilder->get()
#5 C:\Users\Usuario\Documents\5to Semestre\Desarrollo de aplicaciones web\ProyectoPlanta\system\BaseModel.php(563): CodeIgniter\Model->doFind(true, '2')
#6 C:\Users\Usuario\Documents\5to Semestre\Desarrollo de aplicaciones web\ProyectoPlanta\app\Controllers\Carnivora.php(47): CodeIgniter\BaseModel->find('2')
#7 C:\Users\Usuario\Documents\5to Semestre\Desarrollo de aplicaciones web\ProyectoPlanta\system\CodeIgniter.php(919): App\Controllers\Carnivora->editar('2')
#8 C:\Users\Usuario\Documents\5to Semestre\Desarrollo de aplicaciones web\ProyectoPlanta\system\CodeIgniter.php(494): CodeIgniter\CodeIgniter->runController(Object(App\Controllers\Carnivora))
#9 C:\Users\Usuario\Documents\5to Semestre\Desarrollo de aplicaciones web\ProyectoPlanta\system\CodeIgniter.php(353): CodeIgniter\CodeIgniter->handleRequest(NULL, Object(Config\Cache), false)
#10 C:\Users\Usuario\Documents\5to Semestre\Desarrollo de aplicaciones web\ProyectoPlanta\public\index.php(79): CodeIgniter\CodeIgniter->run()
#11 C:\Users\Usuario\Documents\5to Semestre\Desarrollo de aplicaciones web\ProyectoPlanta\system\Commands\Server\rewrite.php(47): require_once('C:\\Users\\Usuari...')
#12 {main}
CRITICAL - 2023-11-26 21:37:53 --> Unknown column 'planta_carnivora.id_carnivora' in 'where clause'
in SYSTEMPATH\Database\BaseConnection.php on line 646.
 1 SYSTEMPATH\Database\BaseBuilder.php(1615): CodeIgniter\Database\BaseConnection->query('SELECT *
FROM `planta_carnivora`
WHERE `planta_carnivora`.`id_carnivora` = :planta_carnivora.id_carnivora:', [...], false)
 2 SYSTEMPATH\Model.php(196): CodeIgniter\Database\BaseBuilder->get()
 3 SYSTEMPATH\BaseModel.php(563): CodeIgniter\Model->doFind(true, '2')
 4 APPPATH\Controllers\Carnivora.php(47): CodeIgniter\BaseModel->find('2')
 5 SYSTEMPATH\CodeIgniter.php(919): App\Controllers\Carnivora->editar('2')
 6 SYSTEMPATH\CodeIgniter.php(494): CodeIgniter\CodeIgniter->runController(Object(App\Controllers\Carnivora))
 7 SYSTEMPATH\CodeIgniter.php(353): CodeIgniter\CodeIgniter->handleRequest(null, Object(Config\Cache), false)
 8 FCPATH\index.php(79): CodeIgniter\CodeIgniter->run()
 9 SYSTEMPATH\Commands\Server\rewrite.php(47): require_once('C:\\Users\\Usuario\\Documents\\5to Semestre\\Desarrollo de aplicaciones web\\ProyectoPlanta\\public\\index.php')
